<?xml version="1.0" encoding="UTF-8"?>
<!-- Generated by org.testng.reporters.JUnitXMLReporter -->
<testsuite ignored="1" hostname="DESKTOP-VGN6VUA" failures="0" tests="7" name="Default test" time="103.506" errors="0" timestamp="2025-01-10T22:20:26 IST">
  <testcase classname="tests.UserTest" name="AVerifyUserIsAbleToLogin" time="25.439"/>
  <testcase classname="tests.UserTest" name="BVerifyUserIsAbleToAddManager" time="16.333"/>
  <testcase classname="tests.UserTest" name="CVerifyUserIsAbleToUploadDocument" time="9.345"/>
  <testcase classname="tests.UserTest" name="DVerifyUserIsAbleToAddMasterSetting" time="10.603"/>
  <testcase classname="tests.UserTest" name="EVerifyUserIsAbleToTaxClass" time="9.706"/>
  <testcase classname="tests.UserTest" name="FVerifyAdminLogin" time="12.465"/>
  <testcase classname="tests.UserTest" name="GVerifyIfAdminIsAbleToApproveClient" time="13.004"/>
  <testcase classname="tests.UserTest" name="AVerifyUserIsAbleToLoginn" time="0.0">
    <ignored/>
  </testcase> <!-- AVerifyUserIsAbleToLoginn -->
</testsuite> <!-- Default test -->
