<?xml version="1.0" encoding="UTF-8"?>
<!-- Generated by org.testng.reporters.JUnitXMLReporter -->
<testsuite ignored="5" hostname="DESKTOP-VGN6VUA" failures="0" tests="10" name="Add All Masters" time="101.277" errors="0" timestamp="2024-09-16T18:00:38 IST">
  <testcase classname="tests.AllMasters" name="VerifyUserIsAbleToAddDriver" time="27.911"/>
  <testcase classname="tests.AllMasters" name="DashboardDriverList" time="2.134"/>
  <testcase classname="tests.AllMasters" name="VerifyUserIsAbleToAddTruck" time="15.573"/>
  <testcase classname="tests.AllMasters" name="DashboardTruckList" time="2.874"/>
  <testcase classname="tests.AllMasters" name="VerifyUserIsAbleToAddTrailer" time="13.853"/>
  <testcase classname="tests.AllMasters" name="DashboardTrailerList" time="3.166"/>
  <testcase classname="tests.AllMasters" name="VerifyUserIsAbleToAddCustomer" time="9.25"/>
  <testcase classname="tests.AllMasters" name="DashboardCustomerList" time="3.687"/>
  <testcase classname="tests.AllMasters" name="VerifyUserIsAbleToAddVendor" time="6.583"/>
  <testcase classname="tests.AllMasters" name="DashboardVendorList" time="3.551"/>
  <testcase classname="tests.AllMasters" name="VerifyUserIsAbleToUpdateVendor" time="0.0">
    <ignored/>
  </testcase> <!-- VerifyUserIsAbleToUpdateVendor -->
  <testcase classname="tests.AllMasters" name="AVerifyUserIsAbleTUpdatedTrailer" time="0.0">
    <ignored/>
  </testcase> <!-- AVerifyUserIsAbleTUpdatedTrailer -->
  <testcase classname="tests.AllMasters" name="VerifyUserIsAbleToUpdateCustomer" time="0.0">
    <ignored/>
  </testcase> <!-- VerifyUserIsAbleToUpdateCustomer -->
  <testcase classname="tests.AllMasters" name="AVerifyUserIsAbleToUpdateTruck" time="0.0">
    <ignored/>
  </testcase> <!-- AVerifyUserIsAbleToUpdateTruck -->
  <testcase classname="tests.AllMasters" name="VerifyUserIsAbleToAddDriverUpdate" time="0.0">
    <ignored/>
  </testcase> <!-- VerifyUserIsAbleToAddDriverUpdate -->
</testsuite> <!-- Add All Masters -->
