<?xml version="1.0" encoding="UTF-8"?>
<!-- Generated by org.testng.reporters.JUnitXMLReporter -->
<testsuite ignored="5" hostname="DESKTOP-VGN6VUA" failures="5" tests="10" name="Add All Masters2" time="100.767" errors="0" timestamp="2024-09-16T18:02:19 IST">
  <testcase classname="tests.AllMasters" name="VerifyUserIsAbleToAddDriver" time="26.364">
    <failure type="java.lang.AssertionError" message="The following asserts failed:
	Message do not match expected [Driver added successfully] but found [Driver already exists with this phone number]">
      <![CDATA[java.lang.AssertionError: The following asserts failed:
Message do not match expected [Driver added successfully] but found [Driver already exists with this phone number]
at tests.AllMasters.VerifyUserIsAbleToAddDriver(AllMasters.java:59)
at java.base/java.util.ArrayList.forEach(ArrayList.java:1596)
at java.base/java.util.concurrent.FutureTask.run(FutureTask.java:317)
at java.base/java.util.concurrent.ThreadPoolExecutor.runWorker(ThreadPoolExecutor.java:1144)
at java.base/java.util.concurrent.ThreadPoolExecutor$Worker.run(ThreadPoolExecutor.java:642)
at java.base/java.lang.Thread.run(Thread.java:1583)
... Removed 18 stack frames]]>
    </failure>
  </testcase> <!-- VerifyUserIsAbleToAddDriver -->
  <testcase classname="tests.AllMasters" name="DashboardDriverList" time="2.136"/>
  <testcase classname="tests.AllMasters" name="VerifyUserIsAbleToAddTruck" time="15.497">
    <failure type="java.lang.AssertionError" message="The following asserts failed:
	Message do not match expected [Driver added successfully] but found [Driver already exists with this phone number],
	Message do not match expected [Truck added successfully] but found [Truck already exists with this unit number]">
      <![CDATA[java.lang.AssertionError: The following asserts failed:
Message do not match expected [Driver added successfully] but found [Driver already exists with this phone number],
Message do not match expected [Truck added successfully] but found [Truck already exists with this unit number]
at tests.AllMasters.VerifyUserIsAbleToAddTruck(AllMasters.java:76)
at java.base/java.util.ArrayList.forEach(ArrayList.java:1596)
at java.base/java.util.concurrent.FutureTask.run(FutureTask.java:317)
at java.base/java.util.concurrent.ThreadPoolExecutor.runWorker(ThreadPoolExecutor.java:1144)
at java.base/java.util.concurrent.ThreadPoolExecutor$Worker.run(ThreadPoolExecutor.java:642)
at java.base/java.lang.Thread.run(Thread.java:1583)
... Removed 18 stack frames]]>
    </failure>
  </testcase> <!-- VerifyUserIsAbleToAddTruck -->
  <testcase classname="tests.AllMasters" name="DashboardTruckList" time="2.972"/>
  <testcase classname="tests.AllMasters" name="VerifyUserIsAbleToAddTrailer" time="14.306">
    <failure type="java.lang.AssertionError" message="The following asserts failed:
	Message do not match expected [Driver added successfully] but found [Driver already exists with this phone number],
	Message do not match expected [Truck added successfully] but found [Truck already exists with this unit number],
	Message do not match expected [Trailer added successfully] but found [Trailer already exists with this unit number]">
      <![CDATA[java.lang.AssertionError: The following asserts failed:
Message do not match expected [Driver added successfully] but found [Driver already exists with this phone number],
Message do not match expected [Truck added successfully] but found [Truck already exists with this unit number],
Message do not match expected [Trailer added successfully] but found [Trailer already exists with this unit number]
at tests.AllMasters.VerifyUserIsAbleToAddTrailer(AllMasters.java:93)
at java.base/java.util.ArrayList.forEach(ArrayList.java:1596)
at java.base/java.util.concurrent.FutureTask.run(FutureTask.java:317)
at java.base/java.util.concurrent.ThreadPoolExecutor.runWorker(ThreadPoolExecutor.java:1144)
at java.base/java.util.concurrent.ThreadPoolExecutor$Worker.run(ThreadPoolExecutor.java:642)
at java.base/java.lang.Thread.run(Thread.java:1583)
... Removed 18 stack frames]]>
    </failure>
  </testcase> <!-- VerifyUserIsAbleToAddTrailer -->
  <testcase classname="tests.AllMasters" name="DashboardTrailerList" time="3.014"/>
  <testcase classname="tests.AllMasters" name="VerifyUserIsAbleToAddCustomer" time="9.101">
    <failure type="java.lang.AssertionError" message="The following asserts failed:
	Message do not match expected [Driver added successfully] but found [Driver already exists with this phone number],
	Message do not match expected [Truck added successfully] but found [Truck already exists with this unit number],
	Message do not match expected [Trailer added successfully] but found [Trailer already exists with this unit number],
	Message do not match expected [Customer added successfully] but found [Customer already exists with this email]">
      <![CDATA[java.lang.AssertionError: The following asserts failed:
Message do not match expected [Driver added successfully] but found [Driver already exists with this phone number],
Message do not match expected [Truck added successfully] but found [Truck already exists with this unit number],
Message do not match expected [Trailer added successfully] but found [Trailer already exists with this unit number],
Message do not match expected [Customer added successfully] but found [Customer already exists with this email]
at tests.AllMasters.VerifyUserIsAbleToAddCustomer(AllMasters.java:113)
at java.base/java.util.ArrayList.forEach(ArrayList.java:1596)
at java.base/java.util.concurrent.FutureTask.run(FutureTask.java:317)
at java.base/java.util.concurrent.ThreadPoolExecutor.runWorker(ThreadPoolExecutor.java:1144)
at java.base/java.util.concurrent.ThreadPoolExecutor$Worker.run(ThreadPoolExecutor.java:642)
at java.base/java.lang.Thread.run(Thread.java:1583)
... Removed 18 stack frames]]>
    </failure>
  </testcase> <!-- VerifyUserIsAbleToAddCustomer -->
  <testcase classname="tests.AllMasters" name="DashboardCustomerList" time="3.138"/>
  <testcase classname="tests.AllMasters" name="VerifyUserIsAbleToAddVendor" time="6.576">
    <failure type="java.lang.AssertionError" message="The following asserts failed:
	Message do not match expected [Driver added successfully] but found [Driver already exists with this phone number],
	Message do not match expected [Truck added successfully] but found [Truck already exists with this unit number],
	Message do not match expected [Trailer added successfully] but found [Trailer already exists with this unit number],
	Message do not match expected [Customer added successfully] but found [Customer already exists with this email],
	Message do not match expected [Vendor added successfully] but found [Vendor already exists with this email]">
      <![CDATA[java.lang.AssertionError: The following asserts failed:
Message do not match expected [Driver added successfully] but found [Driver already exists with this phone number],
Message do not match expected [Truck added successfully] but found [Truck already exists with this unit number],
Message do not match expected [Trailer added successfully] but found [Trailer already exists with this unit number],
Message do not match expected [Customer added successfully] but found [Customer already exists with this email],
Message do not match expected [Vendor added successfully] but found [Vendor already exists with this email]
at tests.AllMasters.VerifyUserIsAbleToAddVendor(AllMasters.java:132)
at java.base/java.util.ArrayList.forEach(ArrayList.java:1596)
at java.base/java.util.concurrent.FutureTask.run(FutureTask.java:317)
at java.base/java.util.concurrent.ThreadPoolExecutor.runWorker(ThreadPoolExecutor.java:1144)
at java.base/java.util.concurrent.ThreadPoolExecutor$Worker.run(ThreadPoolExecutor.java:642)
at java.base/java.lang.Thread.run(Thread.java:1583)
... Removed 18 stack frames]]>
    </failure>
  </testcase> <!-- VerifyUserIsAbleToAddVendor -->
  <testcase classname="tests.AllMasters" name="DashboardVendorList" time="2.976"/>
  <testcase classname="tests.AllMasters" name="VerifyUserIsAbleToUpdateCustomer" time="0.0">
    <ignored/>
  </testcase> <!-- VerifyUserIsAbleToUpdateCustomer -->
  <testcase classname="tests.AllMasters" name="AVerifyUserIsAbleToUpdateTruck" time="0.0">
    <ignored/>
  </testcase> <!-- AVerifyUserIsAbleToUpdateTruck -->
  <testcase classname="tests.AllMasters" name="VerifyUserIsAbleToAddDriverUpdate" time="0.0">
    <ignored/>
  </testcase> <!-- VerifyUserIsAbleToAddDriverUpdate -->
  <testcase classname="tests.AllMasters" name="AVerifyUserIsAbleTUpdatedTrailer" time="0.0">
    <ignored/>
  </testcase> <!-- AVerifyUserIsAbleTUpdatedTrailer -->
  <testcase classname="tests.AllMasters" name="VerifyUserIsAbleToUpdateVendor" time="0.0">
    <ignored/>
  </testcase> <!-- VerifyUserIsAbleToUpdateVendor -->
</testsuite> <!-- Add All Masters2 -->
