<?xml version="1.0" encoding="UTF-8"?>
<!-- Generated by org.testng.reporters.JUnitXMLReporter -->
<testsuite ignored="3" hostname="DESKTOP-VGN6VUA" failures="0" tests="3" name="Create Existing Customer Load" time="198.479" errors="0" timestamp="2025-01-11T14:50:57 IST">
  <testcase classname="tests.CloseLoadScenariosTest" name="VerifyiClientIsAbleToCloseCustomerLoadToVendor" time="58.68"/>
  <testcase classname="tests.CloseLoadScenariosTest" name="VerifyiClientIsAbleToCloseCustomerLoadToDriver" time="64.741"/>
  <testcase classname="tests.CloseLoadScenariosTest" name="VerifyiClientIsAbleToCloseCustomerLoadToBoth" time="64.016"/>
  <testcase classname="tests.CloseLoadScenariosTest" name="VerifyiClientIsAbleToCloseMyLoadToDriver" time="0.0">
    <ignored/>
  </testcase> <!-- VerifyiClientIsAbleToCloseMyLoadToDriver -->
  <testcase classname="tests.CloseLoadScenariosTest" name="VerifyiClientIsAbleToCloseMyLoadToBoth" time="0.0">
    <ignored/>
  </testcase> <!-- VerifyiClientIsAbleToCloseMyLoadToBoth -->
  <testcase classname="tests.CloseLoadScenariosTest" name="VerifyiClientIsAbleToCloseMyLoadOfVendor" time="0.0">
    <ignored/>
  </testcase> <!-- VerifyiClientIsAbleToCloseMyLoadOfVendor -->
</testsuite> <!-- Create Existing Customer Load -->
