<?xml version="1.0" encoding="UTF-8"?>
<!-- Generated by org.testng.reporters.JUnitXMLReporter -->
<testsuite ignored="8" hostname="DESKTOP-VGN6VUA" failures="0" tests="1" name="Dispatch Load To driver" time="61.293" errors="0" timestamp="2025-01-10T00:56:38 IST">
  <testcase classname="tests.CreateLoadTest" name="VerifyiClientIsAbleToAssignCustomerLoadToDriver" time="50.842"/>
  <testcase classname="tests.CreateLoadTest" name="VerifyiClientIsAbleToAssignMyLoadBothCases" time="0.0">
    <ignored/>
  </testcase> <!-- VerifyiClientIsAbleToAssignMyLoadBothCases -->
  <testcase classname="tests.CreateLoadTest" name="VerifyiClientIsAbleToAssignCustomerLoadToBoth" time="0.0">
    <ignored/>
  </testcase> <!-- VerifyiClientIsAbleToAssignCustomerLoadToBoth -->
  <testcase classname="tests.CreateLoadTest" name="VerifyiClientIsAbleToCreateTheirLoad" time="0.0">
    <ignored/>
  </testcase> <!-- VerifyiClientIsAbleToCreateTheirLoad -->
  <testcase classname="tests.CreateLoadTest" name="VerifyiClientIsAbleToAssignCustomerLoadToVendor" time="0.0">
    <ignored/>
  </testcase> <!-- VerifyiClientIsAbleToAssignCustomerLoadToVendor -->
  <testcase classname="tests.CreateLoadTest" name="CreateLoadOfExistingCustomer" time="0.0">
    <ignored/>
  </testcase> <!-- CreateLoadOfExistingCustomer -->
  <testcase classname="tests.CreateLoadTest" name="VerifyiClientIsAbleToAssignMyLoadToVendor" time="0.0">
    <ignored/>
  </testcase> <!-- VerifyiClientIsAbleToAssignMyLoadToVendor -->
  <testcase classname="tests.CreateLoadTest" name="VerifyClientIsAbleToCreateLoadOfNewCustomer" time="0.0">
    <ignored/>
  </testcase> <!-- VerifyClientIsAbleToCreateLoadOfNewCustomer -->
  <testcase classname="tests.CreateLoadTest" name="VerifyiClientIsAbleToAssignMyLoadToDriver" time="0.0">
    <ignored/>
  </testcase> <!-- VerifyiClientIsAbleToAssignMyLoadToDriver -->
</testsuite> <!-- Dispatch Load To driver -->
