<?xml version="1.0" encoding="UTF-8"?>
<!-- Generated by org.testng.reporters.JUnitXMLReporter -->
<testsuite ignored="5" hostname="DESKTOP-VGN6VUA" failures="0" tests="1" name="Is My Loadd True" time="37.081" errors="0" timestamp="2024-09-16T13:40:07 IST">
  <testcase classname="tests.CreateLoadTest" name="IsMyLoadTrue" time="22.974"/>
  <testcase classname="tests.CreateLoadTest" name="dispatchLoadToDriver" time="0.0">
    <ignored/>
  </testcase> <!-- dispatchLoadToDriver -->
  <testcase classname="tests.CreateLoadTest" name="VerifyUserIsAbleToAddCustomerLoadInfo" time="0.0">
    <ignored/>
  </testcase> <!-- VerifyUserIsAbleToAddCustomerLoadInfo -->
  <testcase classname="tests.CreateLoadTest" name="VerifyUserIsAbleToAddCustomerInfo" time="0.0">
    <ignored/>
  </testcase> <!-- VerifyUserIsAbleToAddCustomerInfo -->
  <testcase classname="tests.CreateLoadTest" name="VerifyUserIsAbleToAddCustomerOrderInfo" time="0.0">
    <ignored/>
  </testcase> <!-- VerifyUserIsAbleToAddCustomerOrderInfo -->
  <testcase classname="tests.CreateLoadTest" name="assignLoadToVendor" time="0.0">
    <ignored/>
  </testcase> <!-- assignLoadToVendor -->
</testsuite> <!-- Is My Loadd True -->
