<?xml version="1.0" encoding="UTF-8"?>
<!-- Generated by org.testng.reporters.JUnitXMLReporter -->
<testsuite ignored="4" hostname="DESKTOP-VGN6VUA" failures="0" tests="15" name="Test" time="176.957" errors="0" timestamp="2024-08-15T11:07:39 IST">
  <testcase classname="tests.DriverTest" name="AVerifyUserIsAbleToLogin" time="10.196"/>
  <testcase classname="tests.DriverTest" name="AVerifyUserIsAbleToAddDriver" time="29.834"/>
  <testcase classname="tests.DriverTest" name="AVerifyUserIsAbleToAddDriverUpdate" time="4.197"/>
  <testcase classname="tests.TruckTest" name="AVerifyUserIsAbleToLogin" time="13.867"/>
  <testcase classname="tests.TruckTest" name="AVerifyUserIsAbleToAddTruck" time="16.812"/>
  <testcase classname="tests.TruckTest" name="AVerifyUserIsAbleToUpdateTruck" time="6.8"/>
  <testcase classname="tests.TrailerTest" name="AVerifyUserIsAbleToLogin" time="9.326"/>
  <testcase classname="tests.TrailerTest" name="AVerifyUserIsAbleToAddTrailer" time="17.082"/>
  <testcase classname="tests.TrailerTest" name="AVerifyUserIsAbleTUpdatedTrailer" time="8.097"/>
  <testcase classname="tests.CustomerTest" name="VerifyUserIsAbleToLogin" time="8.657"/>
  <testcase classname="tests.CustomerTest" name="VerifyUserIsAbleToAddCustomer" time="10.007"/>
  <testcase classname="tests.CustomerTest" name="VerifyUserIsAbleToUpdateCustomer" time="5.029"/>
  <testcase classname="tests.VendorTest" name="VerifyUserIsAbleToLogin" time="9.09"/>
  <testcase classname="tests.VendorTest" name="VerifyUserIsAbleToAddVendor" time="10.107"/>
  <testcase classname="tests.VendorTest" name="VerifyUserIsAbleToUpdateVendor" time="6.024"/>
  <testcase classname="tests.BaseTest" name="@BeforeSuite beforeSuite" time="0.0">
    <ignored/>
  </testcase> <!-- @BeforeSuite beforeSuite -->
  <testcase classname="tests.BaseTest" name="@BeforeSuite beforeSuite" time="0.0">
    <ignored/>
  </testcase> <!-- @BeforeSuite beforeSuite -->
  <testcase classname="tests.BaseTest" name="@BeforeSuite beforeSuite" time="0.0">
    <ignored/>
  </testcase> <!-- @BeforeSuite beforeSuite -->
  <testcase classname="tests.BaseTest" name="@BeforeSuite beforeSuite" time="0.0">
    <ignored/>
  </testcase> <!-- @BeforeSuite beforeSuite -->
</testsuite> <!-- Test -->
