<?xml version="1.0" encoding="UTF-8"?>
<testng-results ignored="3" total="6" passed="3" failed="0" skipped="0">
  <reporter-output>
  </reporter-output>
  <suite started-at="2025-01-11T14:51:09 IST" name="Suite" finished-at="2025-01-11T14:53:56 IST" duration-ms="167314">
    <groups>
    </groups>
    <test started-at="2025-01-11T14:51:09 IST" name="Add And Edit All Masters" finished-at="2025-01-11T14:53:56 IST" duration-ms="167314">
      <class name="tests.CloseLoadScenariosTest">
        <test-method is-config="true" signature="beforeSuite()[pri:0, instance:tests.CloseLoadScenariosTest@1807f5a7]" started-at="2025-01-11T14:51:09 IST" name="beforeSuite" finished-at="2025-01-11T14:51:09 IST" duration-ms="6" status="PASS">
          <reporter-output>
          </reporter-output>
        </test-method> <!-- beforeSuite -->
        <test-method is-config="true" signature="setup()[pri:0, instance:tests.CloseLoadScenariosTest@1807f5a7]" started-at="2025-01-11T14:51:09 IST" name="setup" finished-at="2025-01-11T14:51:19 IST" duration-ms="9621" status="PASS">
          <reporter-output>
          </reporter-output>
        </test-method> <!-- setup -->
        <test-method signature="VerifyiClientIsAbleToCloseMyLoadToDriver()[pri:7, instance:tests.CloseLoadScenariosTest@1807f5a7]" started-at="2025-01-11T14:51:19 IST" name="VerifyiClientIsAbleToCloseMyLoadToDriver" finished-at="2025-01-11T14:52:08 IST" duration-ms="49549" status="PASS">
          <reporter-output>
          </reporter-output>
        </test-method> <!-- VerifyiClientIsAbleToCloseMyLoadToDriver -->
        <test-method signature="VerifyiClientIsAbleToCloseMyLoadToBoth()[pri:8, instance:tests.CloseLoadScenariosTest@1807f5a7]" started-at="2025-01-11T14:52:08 IST" name="VerifyiClientIsAbleToCloseMyLoadToBoth" finished-at="2025-01-11T14:53:04 IST" duration-ms="55314" status="PASS">
          <reporter-output>
          </reporter-output>
        </test-method> <!-- VerifyiClientIsAbleToCloseMyLoadToBoth -->
        <test-method signature="VerifyiClientIsAbleToCloseMyLoadOfVendor()[pri:9, instance:tests.CloseLoadScenariosTest@1807f5a7]" started-at="2025-01-11T14:53:04 IST" name="VerifyiClientIsAbleToCloseMyLoadOfVendor" finished-at="2025-01-11T14:53:56 IST" duration-ms="52351" status="PASS">
          <reporter-output>
          </reporter-output>
        </test-method> <!-- VerifyiClientIsAbleToCloseMyLoadOfVendor -->
        <test-method is-config="true" signature="tearDown()[pri:0, instance:tests.CloseLoadScenariosTest@1807f5a7]" started-at="2025-01-11T14:53:56 IST" name="tearDown" finished-at="2025-01-11T14:53:56 IST" duration-ms="440" status="PASS">
          <reporter-output>
          </reporter-output>
        </test-method> <!-- tearDown -->
      </class> <!-- tests.CloseLoadScenariosTest -->
    </test> <!-- Add And Edit All Masters -->
  </suite> <!-- Suite -->
</testng-results>
